  adding: binaries/ (stored 0%)
  adding: binaries/linux64/ (stored 0%)
  adding: binaries/linux64/RLC_FMU_fab.so (deflated 62%)
  adding: binaries/linux64/RLC_FMU_fab_FMU.libs (stored 0%)
  adding: modelDescription.xml (deflated 89%)
  adding: resources/ (stored 0%)
  adding: resources/RLC_FMU_fab_info.json (deflated 91%)
  adding: resources/static.log (deflated 92%)
  adding: resources/linux64.summary (deflated 38%)
  adding: sources/ (stored 0%)
  adding: sources/RLC_FMU_fab_05evt.c (deflated 61%)
  adding: sources/math-support/ (stored 0%)
  adding: sources/math-support/pivot.c (deflated 65%)
  adding: sources/RLC_FMU_fab_init_fmu.c (deflated 91%)
  adding: sources/dataReconciliation/ (stored 0%)
  adding: sources/dataReconciliation/dataReconciliation.h (deflated 46%)
  adding: sources/linearization/ (stored 0%)
  adding: sources/linearization/linearize.h (deflated 46%)
  adding: sources/RLC_FMU_fab_06inz.c (deflated 79%)
  adding: sources/gc/ (stored 0%)
  adding: sources/gc/omc_gc.h (deflated 65%)
  adding: sources/gc/memory_pool.c (deflated 67%)
  adding: sources/gc/memory_pool.h (deflated 49%)
  adding: sources/gc/omc_gc.c (deflated 53%)
  adding: sources/omc_inline.h (deflated 47%)
  adding: sources/RLC_FMU_fab_09alg.c (deflated 72%)
  adding: sources/RLC_FMU_fab_12jac.c (deflated 89%)
  adding: sources/RLC_FMU_fab_FMU.libs (stored 0%)
  adding: sources/simulation/ (stored 0%)
  adding: sources/simulation/options.h (deflated 46%)
  adding: sources/simulation/options.c (deflated 70%)
  adding: sources/simulation/omc_simulation_util.h (deflated 51%)
  adding: sources/simulation/simulation_info_json.h (deflated 50%)
  adding: sources/simulation/simulation_info_json.c (deflated 71%)
  adding: sources/simulation/modelinfo.h (deflated 51%)
  adding: sources/simulation/simulation_runtime.h (deflated 56%)
  adding: sources/simulation/omc_simulation_util.c (deflated 48%)
  adding: sources/simulation/results/ (stored 0%)
  adding: sources/simulation/results/simulation_result.h (deflated 52%)
  adding: sources/simulation/simulation_omc_assert.c (deflated 72%)
  adding: sources/simulation/simulation_input_xml.h (deflated 47%)
  adding: sources/simulation/solver/ (stored 0%)
  adding: sources/simulation/solver/fmi_events.h (deflated 45%)
  adding: sources/simulation/solver/events.h (deflated 49%)
  adding: sources/simulation/solver/sundials_error.h (deflated 57%)
  adding: sources/simulation/solver/dassl.h (deflated 56%)
  adding: sources/simulation/solver/mixedSearchSolver.h (deflated 46%)
  adding: sources/simulation/solver/epsilon.h (deflated 50%)
  adding: sources/simulation/solver/linearSolverTotalPivot.h (deflated 47%)
  adding: sources/simulation/solver/fmi_events.c (deflated 67%)
  adding: sources/simulation/solver/perform_simulation.c.inc (deflated 71%)
  adding: sources/simulation/solver/omc_math.h (deflated 71%)
  adding: sources/simulation/solver/initialization/ (stored 0%)
  adding: sources/simulation/solver/initialization/initialization.c (deflated 77%)
  adding: sources/simulation/solver/initialization/initialization.h (deflated 49%)
  adding: sources/simulation/solver/external_input.h (deflated 45%)
  adding: sources/simulation/solver/model_help.h (deflated 71%)
  adding: sources/simulation/solver/linearSystem.c (deflated 80%)
  adding: sources/simulation/solver/linearSolverTotalPivot.c (deflated 69%)
  adding: sources/simulation/solver/dae_mode.h (deflated 50%)
  adding: sources/simulation/solver/stateset.c (deflated 73%)
  adding: sources/simulation/solver/nonlinearSolverHomotopy.h (deflated 46%)
  adding: sources/simulation/solver/linearSystem.h (deflated 51%)
  adding: sources/simulation/solver/synchronous.h (deflated 50%)
  adding: sources/simulation/solver/spatialDistribution.c (deflated 82%)
  adding: sources/simulation/solver/perform_qss_simulation.c.inc (deflated 72%)
  adding: sources/simulation/solver/stateset.h (deflated 51%)
  adding: sources/simulation/solver/linearSolverLapack.c (deflated 68%)
  adding: sources/simulation/solver/model_help.c (deflated 82%)
  adding: sources/simulation/solver/solver_main.h (deflated 59%)
  adding: sources/simulation/solver/delay.c (deflated 67%)
  adding: sources/simulation/solver/spatialDistribution.h (deflated 56%)
  adding: sources/simulation/solver/synchronous.c (deflated 73%)
  adding: sources/simulation/solver/cvode_solver.h (deflated 68%)
  adding: sources/simulation/solver/delay.h (deflated 50%)
  adding: sources/simulation/solver/omc_math.c (deflated 84%)
  adding: sources/simulation/solver/embedded_server.h (deflated 50%)
  adding: sources/simulation/solver/nonlinearSolverHybrd.h (deflated 56%)
  adding: sources/simulation/solver/nonlinearValuesList.h (deflated 52%)
  adding: sources/simulation/solver/mixedSystem.h (deflated 48%)
  adding: sources/simulation/solver/ida_solver.h (deflated 60%)
  adding: sources/simulation/solver/real_time_sync.h (deflated 46%)
  adding: sources/simulation/solver/linearSolverLapack.h (deflated 47%)
  adding: sources/simulation/solver/nonlinearSystem.h (deflated 61%)
  adding: sources/install-sh (deflated 61%)
  adding: sources/RLC_FMU_fab_10asr.c (deflated 32%)
  adding: sources/Makefile.in (deflated 67%)
  adding: sources/RLC_FMU_fab_17inl.c (deflated 27%)
  adding: sources/config.sub (deflated 69%)
  adding: sources/RLC_FMU_fab_functions.c (deflated 38%)
  adding: sources/isfmi2 (stored 0%)
  adding: sources/RLC_FMU_fab_literals.h (deflated 33%)
  adding: sources/RLC_FMU_fab_13opt.h (deflated 57%)
  adding: sources/RLC_FMU_fab_14lnz.c (deflated 75%)
  adding: sources/RLC_FMU_fab_08bnd.c (deflated 85%)
  adding: sources/RLC_FMU_fab_includes.h (stored 0%)
  adding: sources/configure (deflated 76%)
  adding: sources/simulation_data.h (deflated 73%)
  adding: sources/openmodelica_types.h (deflated 59%)
  adding: sources/RLC_FMU_fab_model.h (deflated 79%)
  adding: sources/RLC_FMU_fab.makefile (deflated 2%)
  adding: sources/ModelicaUtilities.h (deflated 69%)
  adding: sources/meta/ (stored 0%)
  adding: sources/meta/meta_modelica_segv.h (deflated 60%)
  adding: sources/meta/meta_modelica_builtin_boxptr.h (deflated 77%)
  adding: sources/meta/meta_modelica_builtin.h (deflated 74%)
  adding: sources/meta/meta_modelica_mk_box.h (deflated 95%)
  adding: sources/meta/meta_modelica_builtin_boxvar.h (deflated 89%)
  adding: sources/meta/meta_modelica_data.h (deflated 69%)
  adding: sources/meta/meta_modelica_catch.c (deflated 44%)
  adding: sources/meta/meta_modelica.h (deflated 62%)
  adding: sources/RLC_FMU_fab_15syn.c (deflated 63%)
  adding: sources/RLC_FMU_fab.c (deflated 79%)
  adding: sources/util/ (stored 0%)
  adding: sources/util/omc_file.c (deflated 61%)
  adding: sources/util/omc_numbers.c (deflated 61%)
  adding: sources/util/simulation_options.c (deflated 80%)
  adding: sources/util/integer_array.c (deflated 83%)
  adding: sources/util/modelica_string.c (deflated 73%)
  adding: sources/util/omc_init.h (deflated 50%)
  adding: sources/util/jacobian_util.h (deflated 48%)
  adding: sources/util/omc_msvc.c (deflated 64%)
  adding: sources/util/libcsv.h (deflated 68%)
  adding: sources/util/doubleEndedList.h (deflated 66%)
  adding: sources/util/modelica_string_lit.c (deflated 91%)
  adding: sources/util/omc_init.c (deflated 47%)
  adding: sources/util/omc_error.c (deflated 78%)
  adding: sources/util/generic_array.c (deflated 72%)
  adding: sources/util/index_spec.c (deflated 65%)
  adding: sources/util/uthash.h (deflated 81%)
  adding: sources/util/utility.h (deflated 64%)
  adding: sources/util/omc_spinlock.h (deflated 41%)
  adding: sources/util/ringbuffer.c (deflated 67%)
  adding: sources/util/ringbuffer.h (deflated 49%)
  adding: sources/util/base_array.c (deflated 76%)
  adding: sources/util/simulation_options.h (deflated 67%)
  adding: sources/util/read_matlab4.h (deflated 57%)
  adding: sources/util/generic_array.h (deflated 73%)
  adding: sources/util/modelica_string.h (deflated 72%)
  adding: sources/util/base_array.h (deflated 63%)
  adding: sources/util/real_array.h (deflated 80%)
  adding: sources/util/integer_array.h (deflated 82%)
  adding: sources/util/read_matlab4.c (deflated 76%)
  adding: sources/util/read_csv.h (deflated 48%)
  adding: sources/util/omc_file.h (deflated 65%)
  adding: sources/util/varinfo.c (deflated 55%)
  adding: sources/util/string_array.h (deflated 77%)
  adding: sources/util/omc_mmap.c (deflated 66%)
  adding: sources/util/omc_numbers.h (deflated 34%)
  adding: sources/util/jacobian_util.c (deflated 50%)
  adding: sources/util/rtclock.h (deflated 65%)
  adding: sources/util/libcsv.c (deflated 76%)
  adding: sources/util/java_interface.h (deflated 61%)
  adding: sources/util/doubleEndedList.c (deflated 79%)
  adding: sources/util/ModelicaUtilities.c (deflated 67%)
  adding: sources/util/varinfo.h (deflated 46%)
  adding: sources/util/division.c (deflated 64%)
  adding: sources/util/index_spec.h (deflated 49%)
  adding: sources/util/string_array.c (deflated 79%)
  adding: sources/util/omc_msvc.h (deflated 60%)
  adding: sources/util/real_array.c (deflated 82%)
  adding: sources/util/list.h (deflated 56%)
  adding: sources/util/modelica.h (deflated 51%)
  adding: sources/util/parallel_helper.h (deflated 45%)
  adding: sources/util/omc_error.h (deflated 75%)
  adding: sources/util/rational.c (deflated 71%)
  adding: sources/util/boolean_array.h (deflated 77%)
  adding: sources/util/read_csv.c (deflated 71%)
  adding: sources/util/division.h (deflated 62%)
  adding: sources/util/read_write.h (deflated 69%)
  adding: sources/util/modelica_string_lit.h (deflated 44%)
  adding: sources/util/list.c (deflated 73%)
  adding: sources/util/omc_mmap.h (deflated 65%)
  adding: sources/util/boolean_array.c (deflated 81%)
  adding: sources/util/utility.c (deflated 67%)
  adding: sources/util/rational.h (deflated 54%)
  adding: sources/util/parallel_helper.c (deflated 50%)
  adding: sources/RLC_FMU_fab_04set.c (deflated 42%)
  adding: sources/omc_simulation_settings.h (deflated 55%)
  adding: sources/include/ (stored 0%)
  adding: sources/RLC_FMU_fab_11mix.h (stored 0%)
  adding: sources/RLC_FMU_fab_01exo.c (deflated 42%)
  adding: sources/RLC_FMU_fab_functions.h (deflated 50%)
  adding: sources/RLC_FMU_fab_07dly.c (deflated 30%)
  adding: sources/config.guess (deflated 71%)
  adding: sources/RLC_FMU_fab_03lsy.c (deflated 82%)
  adding: sources/fmi-export/ (stored 0%)
  adding: sources/fmi-export/fmu2_model_interface.h (deflated 54%)
  adding: sources/fmi-export/fmu2_model_interface.c.inc (deflated 82%)
  adding: sources/fmi-export/fmu_read_flags.h (deflated 46%)
  adding: sources/fmi-export/fmu_read_flags.c.inc (deflated 67%)
  adding: sources/RLC_FMU_fab_02nls.c (deflated 34%)
  adding: sources/openmodelica_func.h (deflated 73%)
  adding: sources/RLC_FMU_fab_records.c (deflated 36%)
  adding: sources/RLC_FMU_fab_11mix.c (deflated 49%)
  adding: sources/openmodelica.h (deflated 59%)
  adding: sources/external_solvers/ (stored 0%)
  adding: sources/external_solvers/dgetrf.c (deflated 64%)
  adding: sources/external_solvers/clapack.h (deflated 91%)
  adding: sources/external_solvers/dtrsm.c (deflated 76%)
  adding: sources/external_solvers/ieeeck.c (deflated 67%)
  adding: sources/external_solvers/s_cmp.c (deflated 55%)
  adding: sources/external_solvers/iparmq.c (deflated 69%)
  adding: sources/external_solvers/dger.c (deflated 66%)
  adding: sources/external_solvers/dlaswp.c (deflated 60%)
  adding: sources/external_solvers/lsame.c (deflated 60%)
  adding: sources/external_solvers/f2c.h (deflated 66%)
  adding: sources/external_solvers/xerbla.c (deflated 51%)
  adding: sources/external_solvers/blaswrap.h (deflated 78%)
  adding: sources/external_solvers/dgemm.c (deflated 75%)
  adding: sources/external_solvers/idamax.c (deflated 58%)
  adding: sources/external_solvers/dscal.c (deflated 58%)
  adding: sources/external_solvers/dswap.c (deflated 59%)
  adding: sources/external_solvers/dgetrs.c (deflated 66%)
  adding: sources/external_solvers/pow_di.c (deflated 43%)
  adding: sources/external_solvers/i_nint.c (deflated 36%)
  adding: sources/external_solvers/dlamch.c (deflated 74%)
  adding: sources/external_solvers/s_copy.c (deflated 52%)
  adding: sources/external_solvers/ilaenv.c (deflated 80%)
  adding: sources/external_solvers/dgetf2.c (deflated 62%)
  adding: sources/external_solvers/dgesv.c (deflated 62%)
  adding: sources/RLC_FMU_fab_16dae.c (deflated 27%)
  adding: sources/RLC_FMU_fab_FMU.c (deflated 85%)
  adding: sources/RLC_FMU_fab_13opt.c (deflated 73%)
  adding: sources/optimization/ (stored 0%)
  adding: sources/optimization/OptimizerInterface.h (deflated 45%)
  adding: sources/optimization/OptimizerLocalFunction.h (deflated 56%)
  adding: sources/optimization/OptimizerData.h (deflated 63%)
  adding: sources/RLC_FMU_fab_18spd.c (deflated 48%)
  adding: sources/RLC_FMU_fab_12jac.h (deflated 88%)
